# JRE version: OpenJDK Runtime Environment JBR-17.0.14+1-1367.22-nomod (17.0.14+1) (build 17.0.14+1-b1367.22)
# Java VM: OpenJDK 64-Bit Server VM JBR-17.0.14+1-1367.22-nomod (17.0.14+1-b1367.22, mixed mode, sharing, tiered, compressed oops, compressed class ptrs, g1 gc, windows-amd64)
GC Precious Log:
 CPUs: 12 total, 12 available
 Memory: 16177M
 Large Page Support: Disabled
 NUMA Support: Disabled
 Compressed Oops: Enabled (Zero based)
 Heap Region Size: 2M
 Heap Min Capacity: 8M
 Heap Initial Capacity: 254M
 Heap Max Capacity: 4046M
 Pre-touch: Disabled
 Parallel Workers: 10
 Concurrent Workers: 3
 Concurrent Refinement Workers: 10
 Periodic GC: Disabled
Heap:
 garbage-first heap   total 227328K, used 110056K [0x0000000703200000, 0x0000000800000000)
  region size 2048K, 1 young (2048K), 1 survivors (2048K)
 Metaspace       used 75654K, committed 75968K, reserved 1179648K
  class space    used 8227K, committed 8384K, reserved 1048576K
GC Heap History (20 events):
Event: 8.575 GC heap after
{Heap after GC invocations=17 (full 0):
 garbage-first heap   total 96256K, used 54785K [0x0000000703200000, 0x0000000800000000)
  region size 2048K, 2 young (4096K), 2 survivors (4096K)
 Metaspace       used 50085K, committed 50368K, reserved 1114112K
  class space    used 6129K, committed 6272K, reserved 1048576K
}
Event: 9.129 GC heap before
{Heap before GC invocations=17 (full 0):
 garbage-first heap   total 96256K, used 71169K [0x0000000703200000, 0x0000000800000000)
  region size 2048K, 10 young (20480K), 2 survivors (4096K)
 Metaspace       used 50700K, committed 51072K, reserved 1114112K
  class space    used 6174K, committed 6336K, reserved 1048576K
}
Event: 9.149 GC heap after
{Heap after GC invocations=18 (full 0):
 garbage-first heap   total 96256K, used 58630K [0x0000000703200000, 0x0000000800000000)
  region size 2048K, 2 young (4096K), 2 survivors (4096K)
 Metaspace       used 50700K, committed 51072K, reserved 1114112K
  class space    used 6174K, committed 6336K, reserved 1048576K
}
Event: 9.494 GC heap before
{Heap before GC invocations=19 (full 0):
 garbage-first heap   total 102400K, used 75014K [0x0000000703200000, 0x0000000800000000)
  region size 2048K, 10 young (20480K), 2 survivors (4096K)
 Metaspace       used 50969K, committed 51264K, reserved 1114112K
  class space    used 6188K, committed 6336K, reserved 1048576K
}
Event: 9.521 GC heap after
{Heap after GC invocations=20 (full 0):
 garbage-first heap   total 102400K, used 62581K [0x0000000703200000, 0x0000000800000000)
  region size 2048K, 2 young (4096K), 2 survivors (4096K)
 Metaspace       used 50969K, committed 51264K, reserved 1114112K
  class space    used 6188K, committed 6336K, reserved 1048576K
}
Event: 9.907 GC heap before
{Heap before GC invocations=20 (full 0):
 garbage-first heap   total 102400K, used 78965K [0x0000000703200000, 0x0000000800000000)
  region size 2048K, 10 young (20480K), 2 survivors (4096K)
 Metaspace       used 51345K, committed 51648K, reserved 1114112K
  class space    used 6202K, committed 6336K, reserved 1048576K
}
Event: 9.929 GC heap after
{Heap after GC invocations=21 (full 0):
 garbage-first heap   total 204800K, used 66608K [0x0000000703200000, 0x0000000800000000)
  region size 2048K, 2 young (4096K), 2 survivors (4096K)
 Metaspace       used 51345K, committed 51648K, reserved 1114112K
  class space    used 6202K, committed 6336K, reserved 1048576K
}
Event: 13.064 GC heap before
{Heap before GC invocations=22 (full 0):
 garbage-first heap   total 204800K, used 146480K [0x0000000703200000, 0x0000000800000000)
  region size 2048K, 41 young (83968K), 2 survivors (4096K)
 Metaspace       used 56107K, committed 56384K, reserved 1114112K
  class space    used 6558K, committed 6656K, reserved 1048576K
}
Event: 13.090 GC heap after
{Heap after GC invocations=23 (full 0):
 garbage-first heap   total 204800K, used 76327K [0x0000000703200000, 0x0000000800000000)
  region size 2048K, 6 young (12288K), 6 survivors (12288K)
 Metaspace       used 56107K, committed 56384K, reserved 1114112K
  class space    used 6558K, committed 6656K, reserved 1048576K
}
Event: 14.837 GC heap before
{Heap before GC invocations=23 (full 0):
 garbage-first heap   total 204800K, used 143911K [0x0000000703200000, 0x0000000800000000)
  region size 2048K, 39 young (79872K), 6 survivors (12288K)
 Metaspace       used 57604K, committed 57920K, reserved 1114112K
  class space    used 6632K, committed 6784K, reserved 1048576K
}
Event: 14.876 GC heap after
{Heap after GC invocations=24 (full 0):
 garbage-first heap   total 204800K, used 87029K [0x0000000703200000, 0x0000000800000000)
  region size 2048K, 5 young (10240K), 5 survivors (10240K)
 Metaspace       used 57604K, committed 57920K, reserved 1114112K
  class space    used 6632K, committed 6784K, reserved 1048576K
}
Event: 17.111 GC heap before
{Heap before GC invocations=24 (full 0):
 garbage-first heap   total 204800K, used 148469K [0x0000000703200000, 0x0000000800000000)
  region size 2048K, 35 young (71680K), 5 survivors (10240K)
 Metaspace       used 64048K, committed 64320K, reserved 1114112K
  class space    used 7227K, committed 7360K, reserved 1048576K
}
Event: 17.146 GC heap after
{Heap after GC invocations=25 (full 0):
 garbage-first heap   total 204800K, used 98304K [0x0000000703200000, 0x0000000800000000)
  region size 2048K, 5 young (10240K), 5 survivors (10240K)
 Metaspace       used 64048K, committed 64320K, reserved 1114112K
  class space    used 7227K, committed 7360K, reserved 1048576K
}
Event: 18.318 GC heap before
{Heap before GC invocations=25 (full 0):
 garbage-first heap   total 204800K, used 155648K [0x0000000703200000, 0x0000000800000000)
  region size 2048K, 33 young (67584K), 5 survivors (10240K)
 Metaspace       used 68289K, committed 68608K, reserved 1114112K
  class space    used 7614K, committed 7744K, reserved 1048576K
}
Event: 18.356 GC heap after
{Heap after GC invocations=26 (full 0):
 garbage-first heap   total 204800K, used 107514K [0x0000000703200000, 0x0000000800000000)
  region size 2048K, 5 young (10240K), 5 survivors (10240K)
 Metaspace       used 68289K, committed 68608K, reserved 1114112K
  class space    used 7614K, committed 7744K, reserved 1048576K
}
Event: 20.364 GC heap before
{Heap before GC invocations=26 (full 0):
 garbage-first heap   total 204800K, used 156666K [0x0000000703200000, 0x0000000800000000)
  region size 2048K, 29 young (59392K), 5 survivors (10240K)
 Metaspace       used 74052K, committed 74368K, reserved 1179648K
  class space    used 8125K, committed 8256K, reserved 1048576K
}
Event: 20.392 GC heap after
{Heap after GC invocations=27 (full 0):
 garbage-first heap   total 204800K, used 110159K [0x0000000703200000, 0x0000000800000000)
  region size 2048K, 2 young (4096K), 2 survivors (4096K)
 Metaspace       used 74052K, committed 74368K, reserved 1179648K
  class space    used 8125K, committed 8256K, reserved 1048576K
}
Event: 21.374 GC heap before
{Heap before GC invocations=28 (full 0):
 garbage-first heap   total 204800K, used 163407K [0x0000000703200000, 0x0000000800000000)
  region size 2048K, 28 young (57344K), 2 survivors (4096K)
 Metaspace       used 74869K, committed 75200K, reserved 1179648K
  class space    used 8162K, committed 8320K, reserved 1048576K
}
Event: 21.388 GC heap after
{Heap after GC invocations=29 (full 0):
 garbage-first heap   total 204800K, used 110500K [0x0000000703200000, 0x0000000800000000)
  region size 2048K, 2 young (4096K), 2 survivors (4096K)
 Metaspace       used 74869K, committed 75200K, reserved 1179648K
  class space    used 8162K, committed 8320K, reserved 1048576K
}
Event: 21.557 GC heap before
{Heap before GC invocations=29 (full 0):
 garbage-first heap   total 204800K, used 114596K [0x0000000703200000, 0x0000000800000000)
  region size 2048K, 5 young (10240K), 2 survivors (4096K)
 Metaspace       used 75654K, committed 75968K, reserved 1179648K
  class space    used 8227K, committed 8384K, reserved 1048576K
}

