# JRE version: OpenJDK Runtime Environment JBR-17.0.14+1-1367.22-nomod (17.0.14+1) (build 17.0.14+1-b1367.22)
# Java VM: OpenJDK 64-Bit Server VM JBR-17.0.14+1-1367.22-nomod (17.0.14+1-b1367.22, mixed mode, sharing, tiered, compressed oops, compressed class ptrs, g1 gc, windows-amd64)
GC Precious Log:
 CPUs: 12 total, 12 available
 Memory: 16177M
 Large Page Support: Disabled
 NUMA Support: Disabled
 Compressed Oops: Enabled (32-bit)
 Heap Region Size: 1M
 Heap Min Capacity: 8M
 Heap Initial Capacity: 254M
 Heap Max Capacity: 2G
 Pre-touch: Disabled
 Parallel Workers: 10
 Concurrent Workers: 3
 Concurrent Refinement Workers: 10
 Periodic GC: Disabled
Heap:
 garbage-first heap   total 372736K, used 249269K [0x0000000080000000, 0x0000000100000000)
  region size 1024K, 6 young (6144K), 6 survivors (6144K)
 Metaspace       used 109610K, committed 110592K, reserved 1179648K
  class space    used 15531K, committed 16000K, reserved 1048576K
GC Heap History (20 events):
Event: 18.886 GC heap after
{Heap after GC invocations=45 (full 0):
 garbage-first heap   total 342016K, used 118256K [0x0000000080000000, 0x0000000100000000)
  region size 1024K, 3 young (3072K), 3 survivors (3072K)
 Metaspace       used 99213K, committed 100032K, reserved 1179648K
  class space    used 14184K, committed 14592K, reserved 1048576K
}
Event: 19.737 GC heap before
{Heap before GC invocations=45 (full 0):
 garbage-first heap   total 342016K, used 255472K [0x0000000080000000, 0x0000000100000000)
  region size 1024K, 138 young (141312K), 3 survivors (3072K)
 Metaspace       used 99811K, committed 100672K, reserved 1179648K
  class space    used 14286K, committed 14720K, reserved 1048576K
}
Event: 19.741 GC heap after
{Heap after GC invocations=46 (full 0):
 garbage-first heap   total 342016K, used 122461K [0x0000000080000000, 0x0000000100000000)
  region size 1024K, 8 young (8192K), 8 survivors (8192K)
 Metaspace       used 99811K, committed 100672K, reserved 1179648K
  class space    used 14286K, committed 14720K, reserved 1048576K
}
Event: 20.546 GC heap before
{Heap before GC invocations=46 (full 0):
 garbage-first heap   total 342016K, used 263773K [0x0000000080000000, 0x0000000100000000)
  region size 1024K, 147 young (150528K), 8 survivors (8192K)
 Metaspace       used 100125K, committed 101056K, reserved 1179648K
  class space    used 14324K, committed 14784K, reserved 1048576K
}
Event: 20.552 GC heap after
{Heap after GC invocations=47 (full 0):
 garbage-first heap   total 342016K, used 127196K [0x0000000080000000, 0x0000000100000000)
  region size 1024K, 12 young (12288K), 12 survivors (12288K)
 Metaspace       used 100125K, committed 101056K, reserved 1179648K
  class space    used 14324K, committed 14784K, reserved 1048576K
}
Event: 21.785 GC heap before
{Heap before GC invocations=47 (full 0):
 garbage-first heap   total 342016K, used 270556K [0x0000000080000000, 0x0000000100000000)
  region size 1024K, 153 young (156672K), 12 survivors (12288K)
 Metaspace       used 104521K, committed 105472K, reserved 1179648K
  class space    used 14912K, committed 15360K, reserved 1048576K
}
Event: 21.795 GC heap after
{Heap after GC invocations=48 (full 0):
 garbage-first heap   total 342016K, used 133707K [0x0000000080000000, 0x0000000100000000)
  region size 1024K, 14 young (14336K), 14 survivors (14336K)
 Metaspace       used 104521K, committed 105472K, reserved 1179648K
  class space    used 14912K, committed 15360K, reserved 1048576K
}
Event: 23.662 GC heap before
{Heap before GC invocations=49 (full 0):
 garbage-first heap   total 342016K, used 310859K [0x0000000080000000, 0x0000000100000000)
  region size 1024K, 147 young (150528K), 14 survivors (14336K)
 Metaspace       used 109286K, committed 110336K, reserved 1179648K
  class space    used 15484K, committed 16000K, reserved 1048576K
}
Event: 23.674 GC heap after
{Heap after GC invocations=50 (full 0):
 garbage-first heap   total 348160K, used 185965K [0x0000000080000000, 0x0000000100000000)
  region size 1024K, 19 young (19456K), 19 survivors (19456K)
 Metaspace       used 109286K, committed 110336K, reserved 1179648K
  class space    used 15484K, committed 16000K, reserved 1048576K
}
Event: 23.675 GC heap before
{Heap before GC invocations=50 (full 0):
 garbage-first heap   total 348160K, used 185965K [0x0000000080000000, 0x0000000100000000)
  region size 1024K, 20 young (20480K), 19 survivors (19456K)
 Metaspace       used 109289K, committed 110336K, reserved 1179648K
  class space    used 15484K, committed 16000K, reserved 1048576K
}
Event: 23.684 GC heap after
{Heap after GC invocations=51 (full 0):
 garbage-first heap   total 348160K, used 185239K [0x0000000080000000, 0x0000000100000000)
  region size 1024K, 1 young (1024K), 1 survivors (1024K)
 Metaspace       used 109289K, committed 110336K, reserved 1179648K
  class space    used 15484K, committed 16000K, reserved 1048576K
}
Event: 23.706 GC heap before
{Heap before GC invocations=51 (full 0):
 garbage-first heap   total 348160K, used 255895K [0x0000000080000000, 0x0000000100000000)
  region size 1024K, 26 young (26624K), 1 survivors (1024K)
 Metaspace       used 109292K, committed 110336K, reserved 1179648K
  class space    used 15484K, committed 16000K, reserved 1048576K
}
Event: 23.709 GC heap after
{Heap after GC invocations=52 (full 0):
 garbage-first heap   total 348160K, used 217804K [0x0000000080000000, 0x0000000100000000)
  region size 1024K, 11 young (11264K), 11 survivors (11264K)
 Metaspace       used 109292K, committed 110336K, reserved 1179648K
  class space    used 15484K, committed 16000K, reserved 1048576K
}
Event: 23.712 GC heap before
{Heap before GC invocations=52 (full 0):
 garbage-first heap   total 348160K, used 220876K [0x0000000080000000, 0x0000000100000000)
  region size 1024K, 13 young (13312K), 11 survivors (11264K)
 Metaspace       used 109294K, committed 110336K, reserved 1179648K
  class space    used 15484K, committed 16000K, reserved 1048576K
}
Event: 23.714 GC heap after
{Heap after GC invocations=53 (full 0):
 garbage-first heap   total 348160K, used 215438K [0x0000000080000000, 0x0000000100000000)
  region size 1024K, 1 young (1024K), 1 survivors (1024K)
 Metaspace       used 109294K, committed 110336K, reserved 1179648K
  class space    used 15484K, committed 16000K, reserved 1048576K
}
Event: 24.389 GC heap before
{Heap before GC invocations=54 (full 0):
 garbage-first heap   total 372736K, used 270734K [0x0000000080000000, 0x0000000100000000)
  region size 1024K, 50 young (51200K), 1 survivors (1024K)
 Metaspace       used 109593K, committed 110592K, reserved 1179648K
  class space    used 15530K, committed 16000K, reserved 1048576K
}
Event: 24.402 GC heap after
{Heap after GC invocations=55 (full 0):
 garbage-first heap   total 372736K, used 238822K [0x0000000080000000, 0x0000000100000000)
  region size 1024K, 7 young (7168K), 7 survivors (7168K)
 Metaspace       used 109593K, committed 110592K, reserved 1179648K
  class space    used 15530K, committed 16000K, reserved 1048576K
}
Event: 24.544 GC heap before
{Heap before GC invocations=55 (full 0):
 garbage-first heap   total 372736K, used 250086K [0x0000000080000000, 0x0000000100000000)
  region size 1024K, 18 young (18432K), 7 survivors (7168K)
 Metaspace       used 109610K, committed 110592K, reserved 1179648K
  class space    used 15531K, committed 16000K, reserved 1048576K
}
Event: 24.555 GC heap after
{Heap after GC invocations=56 (full 0):
 garbage-first heap   total 372736K, used 243140K [0x0000000080000000, 0x0000000100000000)
  region size 1024K, 3 young (3072K), 3 survivors (3072K)
 Metaspace       used 109610K, committed 110592K, reserved 1179648K
  class space    used 15531K, committed 16000K, reserved 1048576K
}
Event: 24.680 GC heap before
{Heap before GC invocations=56 (full 0):
 garbage-first heap   total 372736K, used 257476K [0x0000000080000000, 0x0000000100000000)
  region size 1024K, 18 young (18432K), 3 survivors (3072K)
 Metaspace       used 109610K, committed 110592K, reserved 1179648K
  class space    used 15531K, committed 16000K, reserved 1048576K
}

